\BOOKMARK [0][-]{chapter.1}{\376\377\147\201\134\017\146\362\227\142\166\204\127\372\147\054\140\047\215\050}{}% 1
\BOOKMARK [1][-]{section.1.1}{\376\377\147\201\134\017\146\362\227\142\145\271\172\013}{chapter.1}% 2
\BOOKMARK [1][-]{section.1.2}{\376\377\173\054\116\000\123\330\122\006\121\154\137\017}{chapter.1}% 3
\BOOKMARK [1][-]{section.1.3}{\376\377\146\362\227\142\116\012\166\204\127\120\150\007\121\375\145\160}{chapter.1}% 4
\BOOKMARK [1][-]{section.1.4}{\376\377\000S\000c\000h\000w\000a\000r\000t\000z\123\315\134\004}{chapter.1}% 5
\BOOKMARK [1][-]{section.1.5}{\376\377\123\125\214\003\140\047\121\154\137\017}{chapter.1}% 6
\BOOKMARK [1][-]{section.1.6}{\376\377\000G\000a\000u\000s\000s\146\040\134\004}{chapter.1}% 7
\BOOKMARK [1][-]{section.1.7}{\376\377\000B\000e\000r\000n\000s\000t\000e\000i\000n\133\232\164\006}{chapter.1}% 8
\BOOKMARK [1][-]{section.1.8}{\376\377\000W\000e\000i\000e\000r\000s\000t\000r\000a\000s\000s\210\150\171\072}{chapter.1}% 9
\BOOKMARK [1][-]{section.1.9}{\376\377\173\054\116\214\123\330\122\006\121\154\137\017\116\016\172\063\133\232\140\047}{chapter.1}% 10
\BOOKMARK [0][-]{appendix.A}{\376\377\226\104\137\125}{}% 11
\BOOKMARK [1][-]{section.A.1}{\376\377\131\015\122\006\147\220\127\372\170\100}{appendix.A}% 12
\BOOKMARK [2][-]{subsection.A.1.1}{\376\377\173\111\156\051\127\120\150\007\166\204\133\130\127\050\140\047}{section.A.1}% 13
\BOOKMARK [1][-]{section.A.2}{\376\377\236\316\146\374\121\340\117\125\127\372\170\100}{appendix.A}% 14
\BOOKMARK [2][-]{subsection.A.2.1}{\376\377\200\124\176\334}{section.A.2}% 15
\BOOKMARK [2][-]{subsection.A.2.2}{\376\377\145\143\136\246}{section.A.2}% 16
\BOOKMARK [2][-]{subsection.A.2.3}{\376\377\133\120\155\101\137\142\116\012\166\204\145\143\136\246}{section.A.2}% 17
\BOOKMARK [2][-]{subsection.A.2.4}{\376\377\000H\000e\000s\000s\000i\000a\000n\167\351\226\065}{section.A.2}% 18
\BOOKMARK [2][-]{subsection.A.2.5}{\376\377\000R\000i\000c\000c\000i\140\122\173\111\137\017}{section.A.2}% 19
\BOOKMARK [2][-]{subsection.A.2.6}{\376\377\000L\000a\000p\000l\000a\000c\000e\173\227\133\120}{section.A.2}% 20
